[2025-09-10 10:58:08.989 PM] [32minfo[39m: 	[32mPeerJS server is running on port 9000[39m
[2025-09-10 10:58:57.633 PM] [32minfo[39m: 	[32mPeerJS server is running on port 9000[39m
[2025-09-10 10:59:31.281 PM] [32minfo[39m: 	[32mGenerated new unique ID: 842447. Total active IDs: 1[39m
[2025-09-10 11:00:21.233 PM] [32minfo[39m: 	[32mPeer 842447 disconnected. ID is now available.[39m
[2025-09-10 11:00:21.478 PM] [32minfo[39m: 	[32mGenerated new unique ID: 255514. Total active IDs: 1[39m
[2025-09-10 11:00:38.395 PM] [32minfo[39m: 	[32mPeer 255514 disconnected. ID is now available.[39m
[2025-09-10 11:09:14.084 PM] [32minfo[39m: 	[32mGenerated new unique ID: 643807. Total active IDs: 1[39m
[2025-09-10 11:09:16.534 PM] [32minfo[39m: 	[32mPeer 643807 disconnected. ID is now available.[39m
[2025-09-10 11:09:16.714 PM] [32minfo[39m: 	[32mGenerated new unique ID: 140537. Total active IDs: 1[39m
[2025-09-10 11:09:27.299 PM] [32minfo[39m: 	[32mChecking ID: 140573. Exists: false[39m
[2025-09-10 11:09:35.090 PM] [32minfo[39m: 	[32mChecking ID: 140537. Exists: true[39m
[2025-09-10 11:13:08.067 PM] [32minfo[39m: 	[32mPeer 140537 disconnected. ID is now available.[39m
[2025-09-10 11:13:08.375 PM] [32minfo[39m: 	[32mGenerated new unique ID: 946220. Total active IDs: 1[39m
[2025-09-10 11:13:23.433 PM] [32minfo[39m: 	[32mChecking ID: 946220. Exists: true[39m
[2025-09-10 11:13:56.665 PM] [32minfo[39m: 	[32mPeer 946220 disconnected. ID is now available.[39m
[2025-09-10 11:14:01.010 PM] [32minfo[39m: 	[32mGenerated new unique ID: 239889. Total active IDs: 1[39m
[2025-09-10 11:14:11.563 PM] [32minfo[39m: 	[32mChecking ID: 239889. Exists: true[39m
[2025-09-10 11:15:11.663 PM] [32minfo[39m: 	[32mPeer 239889 disconnected. ID is now available.[39m
[2025-09-10 11:15:12.034 PM] [32minfo[39m: 	[32mGenerated new unique ID: 160138. Total active IDs: 1[39m
[2025-09-10 11:16:09.352 PM] [32minfo[39m: 	[32mPeer 160138 disconnected. ID is now available.[39m
[2025-09-10 11:16:09.723 PM] [32minfo[39m: 	[32mGenerated new unique ID: 590214. Total active IDs: 1[39m
[2025-09-10 11:16:17.511 PM] [32minfo[39m: 	[32mChecking ID: 590214. Exists: true[39m
[2025-09-10 11:19:21.493 PM] [32minfo[39m: 	[32mPeer 590214 disconnected. ID is now available.[39m
[2025-09-10 11:19:21.728 PM] [32minfo[39m: 	[32mGenerated new unique ID: 739798. Total active IDs: 1[39m
[2025-09-10 11:19:46.729 PM] [32minfo[39m: 	[32mChecking ID: 739798. Exists: true[39m
[2025-09-10 11:20:50.096 PM] [32minfo[39m: 	[32mPeer 739798 disconnected. ID is now available.[39m
[2025-09-10 11:20:50.270 PM] [32minfo[39m: 	[32mGenerated new unique ID: 436915. Total active IDs: 1[39m
[2025-09-10 11:21:03.419 PM] [32minfo[39m: 	[32mChecking ID: 436915. Exists: true[39m
[2025-09-10 11:21:43.872 PM] [32minfo[39m: 	[32mPeer 436915 disconnected. ID is now available.[39m
[2025-09-10 11:22:46.214 PM] [32minfo[39m: 	[32mGenerated new unique ID: 689131. Total active IDs: 1[39m
[2025-09-10 11:23:49.801 PM] [32minfo[39m: 	[32mPeer 689131 disconnected. ID is now available.[39m
[2025-09-10 11:23:50.078 PM] [32minfo[39m: 	[32mGenerated new unique ID: 644446. Total active IDs: 1[39m
[2025-09-10 11:24:08.746 PM] [32minfo[39m: 	[32mPeer 644446 disconnected. ID is now available.[39m
[2025-09-10 11:24:08.924 PM] [32minfo[39m: 	[32mGenerated new unique ID: 600588. Total active IDs: 1[39m
[2025-09-10 11:25:33.228 PM] [32minfo[39m: 	[32mPeer 600588 disconnected. ID is now available.[39m
[2025-09-10 11:25:51.354 PM] [32minfo[39m: 	[32mGenerated new unique ID: 708602. Total active IDs: 1[39m
[2025-09-10 11:25:54.390 PM] [32minfo[39m: 	[32mPeer 708602 disconnected. ID is now available.[39m
[2025-09-10 11:26:47.059 PM] [32minfo[39m: 	[32mGenerated new unique ID: 189610. Total active IDs: 1[39m
[2025-09-10 11:27:49.934 PM] [32minfo[39m: 	[32mPeer 189610 disconnected. ID is now available.[39m
[2025-09-10 11:28:16.304 PM] [32minfo[39m: 	[32mGenerated new unique ID: 113909. Total active IDs: 1[39m
[2025-09-10 11:28:36.012 PM] [32minfo[39m: 	[32mGenerated new unique ID: 161169. Total active IDs: 2[39m
[2025-09-10 11:28:38.368 PM] [32minfo[39m: 	[32mPeer 161169 disconnected. ID is now available.[39m
[2025-09-10 11:28:38.571 PM] [32minfo[39m: 	[32mGenerated new unique ID: 980078. Total active IDs: 2[39m
[2025-09-10 11:28:53.743 PM] [32minfo[39m: 	[32mPeer 113909 disconnected. ID is now available.[39m
[2025-09-10 11:29:07.538 PM] [32minfo[39m: 	[32mPeer 980078 disconnected. ID is now available.[39m
[2025-09-10 11:29:07.750 PM] [32minfo[39m: 	[32mGenerated new unique ID: 305434. Total active IDs: 1[39m
[2025-09-10 11:29:12.007 PM] [32minfo[39m: 	[32mGenerated new unique ID: 355503. Total active IDs: 2[39m
[2025-09-10 11:29:28.092 PM] [32minfo[39m: 	[32mPeer 355503 disconnected. ID is now available.[39m
[2025-09-10 11:29:36.276 PM] [32minfo[39m: 	[32mPeer 305434 disconnected. ID is now available.[39m
[2025-09-10 11:29:36.497 PM] [32minfo[39m: 	[32mGenerated new unique ID: 131349. Total active IDs: 1[39m
[2025-09-10 11:30:49.646 PM] [32minfo[39m: 	[32mPeer 131349 disconnected. ID is now available.[39m
[2025-09-10 11:30:49.817 PM] [32minfo[39m: 	[32mGenerated new unique ID: 535791. Total active IDs: 1[39m
[2025-09-10 11:31:01.931 PM] [32minfo[39m: 	[32mGenerated new unique ID: 317951. Total active IDs: 2[39m
[2025-09-10 11:31:33.881 PM] [32minfo[39m: 	[32mPeer 317951 disconnected. ID is now available.[39m
[2025-09-10 11:32:18.434 PM] [32minfo[39m: 	[32mPeer 535791 disconnected. ID is now available.[39m
[2025-09-10 11:48:47.708 PM] [32minfo[39m: 	[32mGenerated new unique ID: 553717. Total active IDs: 1[39m
[2025-09-10 11:49:21.807 PM] [32minfo[39m: 	[32mPeer 553717 disconnected. ID is now available.[39m
[2025-09-11 10:29:38.354 PM] [32minfo[39m: 	[32mPeerJS server is running on port 9000[39m
[2025-09-11 10:30:38.343 PM] [32minfo[39m: 	[32mGenerated new unique ID: 137987. Total active IDs: 1[39m
[2025-09-11 10:33:01.630 PM] [32minfo[39m: 	[32mPeer 137987 disconnected. ID is now available.[39m
[2025-09-11 10:33:01.861 PM] [32minfo[39m: 	[32mGenerated new unique ID: 593540. Total active IDs: 1[39m
[2025-09-11 10:36:03.606 PM] [32minfo[39m: 	[32mPeer 593540 disconnected. ID is now available.[39m
[2025-09-11 10:36:03.859 PM] [32minfo[39m: 	[32mGenerated new unique ID: 618931. Total active IDs: 1[39m
[2025-09-11 10:36:17.993 PM] [32minfo[39m: 	[32mChecking ID: 618931. Exists: true[39m
[2025-09-11 10:37:24.955 PM] [32minfo[39m: 	[32mPeer 618931 disconnected. ID is now available.[39m
[2025-09-11 10:37:25.372 PM] [32minfo[39m: 	[32mGenerated new unique ID: 372612. Total active IDs: 1[39m
[2025-09-11 10:37:29.978 PM] [32minfo[39m: 	[32mPeer 372612 disconnected. ID is now available.[39m
